\BOOKMARK [1][-]{section.1}{\376\377\000T\000\363\000m\000\040\000t\036\257\000t\000\040\001\021\036\323\000\040\000\341\000n}{}% 1
\BOOKMARK [2][-]{subsection.1.1}{\376\377\000M\036\345\000c\000\040\000t\000i\000\352\000u}{section.1}% 2
\BOOKMARK [2][-]{subsection.1.2}{\376\377\000P\000h\036\241\000m\000\040\000v\000i}{section.1}% 3
\BOOKMARK [2][-]{subsection.1.3}{\376\377\000K\036\277\000t\000\040\000q\000u\036\243\000\040\001\021\036\241\000t\000\040\001\021\001\260\036\343\000c}{section.1}% 4
\BOOKMARK [1][-]{section.2}{\376\377\000G\000i\036\333\000i\000\040\000t\000h\000i\036\307\000u\000\040\000h\036\307\000\040\000t\000h\036\321\000n\000g}{}% 5
\BOOKMARK [2][-]{subsection.2.1}{\376\377\000G\000i\036\333\000i\000\040\000t\000h\000i\036\307\000u\000\040\001\021\036\301\000\040\000t\000\340\000i}{section.2}% 6
\BOOKMARK [2][-]{subsection.2.2}{\376\377\000M\036\345\000c\000\040\000t\000i\000\352\000u\000\040\000c\036\345\000\040\000t\000h\036\303}{section.2}% 7
\BOOKMARK [3][-]{subsubsection.2.2.1}{\376\377\000M\036\345\000c\000\040\000t\000i\000\352\000u\000\040\000c\000h\000\355\000n\000h}{subsection.2.2}% 8
\BOOKMARK [3][-]{subsubsection.2.2.2}{\376\377\000M\036\345\000c\000\040\000t\000i\000\352\000u\000\040\000k\036\371\000\040\000t\000h\000u\036\255\000t}{subsection.2.2}% 9
\BOOKMARK [2][-]{subsection.2.3}{\376\377\001\020\036\321\000i\000\040\000t\001\260\036\343\000n\000g\000\040\000s\036\355\000\040\000d\036\345\000n\000g}{section.2}% 10
\BOOKMARK [1][-]{section.3}{\376\377\000P\000h\000\342\000n\000\040\000t\000\355\000c\000h\000\040\000y\000\352\000u\000\040\000c\036\247\000u}{}% 11
\BOOKMARK [2][-]{subsection.3.1}{\376\377\000Y\000\352\000u\000\040\000c\036\247\000u\000\040\000c\000h\036\351\000c\000\040\000n\001\003\000n\000g}{section.3}% 12
\BOOKMARK [3][-]{subsubsection.3.1.1}{\376\377\000H\036\307\000\040\000t\000h\036\321\000n\000g\000\040\000x\000\341\000c\000\040\000t\000h\036\361\000c\000\040\000v\000\340\000\040\000p\000h\000\342\000n\000\040\000q\000u\000y\036\301\000n}{subsection.3.1}% 13
\BOOKMARK [3][-]{subsubsection.3.1.2}{\376\377\000V\000i\000s\000u\000a\000l\000i\000z\000e\000r\000\040\000t\000h\000u\036\255\000t\000\040\000t\000o\000\341\000n}{subsection.3.1}% 14
\BOOKMARK [3][-]{subsubsection.3.1.3}{\376\377\000A\000I\000\040\000L\000e\000a\000r\000n\000i\000n\000g\000\040\000A\000s\000s\000i\000s\000t\000a\000n\000t}{subsection.3.1}% 15
\BOOKMARK [3][-]{subsubsection.3.1.4}{\376\377\000C\000o\000m\000m\000u\000n\000i\000t\000y\000\040\000F\000e\000a\000t\000u\000r\000e\000s}{subsection.3.1}% 16
\BOOKMARK [3][-]{subsubsection.3.1.5}{\376\377\000A\000d\000m\000i\000n\000\040\000D\000a\000s\000h\000b\000o\000a\000r\000d}{subsection.3.1}% 17
\BOOKMARK [2][-]{subsection.3.2}{\376\377\000Y\000\352\000u\000\040\000c\036\247\000u\000\040\000p\000h\000i\000\040\000c\000h\036\351\000c\000\040\000n\001\003\000n\000g}{section.3}% 18
\BOOKMARK [3][-]{subsubsection.3.2.1}{\376\377\000H\000i\036\307\000u\000\040\000n\001\003\000n\000g}{subsection.3.2}% 19
\BOOKMARK [3][-]{subsubsection.3.2.2}{\376\377\000K\000h\036\243\000\040\000n\001\003\000n\000g\000\040\000s\036\355\000\040\000d\036\345\000n\000g}{subsection.3.2}% 20
\BOOKMARK [3][-]{subsubsection.3.2.3}{\376\377\000B\036\243\000o\000\040\000m\036\255\000t}{subsection.3.2}% 21
\BOOKMARK [3][-]{subsubsection.3.2.4}{\376\377\000K\000h\036\243\000\040\000n\001\003\000n\000g\000\040\000m\036\337\000\040\000r\036\331\000n\000g}{subsection.3.2}% 22
\BOOKMARK [1][-]{section.4}{\376\377\000T\000h\000i\036\277\000t\000\040\000k\036\277\000\040\000h\036\307\000\040\000t\000h\036\321\000n\000g}{}% 23
\BOOKMARK [2][-]{subsection.4.1}{\376\377\000K\000i\036\277\000n\000\040\000t\000r\000\372\000c\000\040\000t\036\325\000n\000g\000\040\000q\000u\000a\000n}{section.4}% 24
\BOOKMARK [3][-]{subsubsection.4.1.1}{\376\377\000P\000r\000e\000s\000e\000n\000t\000a\000t\000i\000o\000n\000\040\000L\000a\000y\000e\000r\000\040\000\050\000F\000r\000o\000n\000t\000e\000n\000d\000\051}{subsection.4.1}% 25
\BOOKMARK [3][-]{subsubsection.4.1.2}{\376\377\000B\000u\000s\000i\000n\000e\000s\000s\000\040\000L\000o\000g\000i\000c\000\040\000L\000a\000y\000e\000r}{subsection.4.1}% 26
\BOOKMARK [3][-]{subsubsection.4.1.3}{\376\377\000D\000a\000t\000a\000\040\000A\000c\000c\000e\000s\000s\000\040\000L\000a\000y\000e\000r}{subsection.4.1}% 27
\BOOKMARK [2][-]{subsection.4.2}{\376\377\000U\000s\000e\000\040\000C\000a\000s\000e\000\040\000D\000i\000a\000g\000r\000a\000m}{section.4}% 28
\BOOKMARK [3][-]{subsubsection.4.2.1}{\376\377\000G\000u\000e\000s\000t\000\040\000U\000s\000e\000r}{subsection.4.2}% 29
\BOOKMARK [3][-]{subsubsection.4.2.2}{\376\377\000A\000u\000t\000h\000e\000n\000t\000i\000c\000a\000t\000e\000d\000\040\000U\000s\000e\000r}{subsection.4.2}% 30
\BOOKMARK [3][-]{subsubsection.4.2.3}{\376\377\000T\000e\000a\000c\000h\000e\000r}{subsection.4.2}% 31
\BOOKMARK [3][-]{subsubsection.4.2.4}{\376\377\000A\000d\000m\000i\000n}{subsection.4.2}% 32
\BOOKMARK [2][-]{subsection.4.3}{\376\377\000C\000l\000a\000s\000s\000\040\000D\000i\000a\000g\000r\000a\000m}{section.4}% 33
\BOOKMARK [3][-]{subsubsection.4.3.1}{\376\377\000U\000s\000e\000r\000\040\000M\000a\000n\000a\000g\000e\000m\000e\000n\000t}{subsection.4.3}% 34
\BOOKMARK [3][-]{subsubsection.4.3.2}{\376\377\000L\000e\000a\000r\000n\000i\000n\000g\000\040\000S\000y\000s\000t\000e\000m}{subsection.4.3}% 35
\BOOKMARK [3][-]{subsubsection.4.3.3}{\376\377\000C\000o\000m\000m\000u\000n\000i\000t\000y\000\040\000F\000e\000a\000t\000u\000r\000e\000s}{subsection.4.3}% 36
\BOOKMARK [1][-]{section.5}{\376\377\000P\000h\000\342\000n\000\040\000t\000\355\000c\000h\000\040\000t\000h\000i\036\277\000t\000\040\000k\036\277\000\040\000c\000h\000i\000\040\000t\000i\036\277\000t}{}% 37
\BOOKMARK [2][-]{subsection.5.1}{\376\377\000A\000c\000t\000i\000v\000i\000t\000y\000\040\000D\000i\000a\000g\000r\000a\000m}{section.5}% 38
\BOOKMARK [3][-]{subsubsection.5.1.1}{\376\377\000G\000i\000a\000i\000\040\001\021\000o\036\241\000n\000\040\000k\000h\036\337\000i\000\040\000t\036\241\000o}{subsection.5.1}% 39
\BOOKMARK [3][-]{subsubsection.5.1.2}{\376\377\000G\000i\000a\000i\000\040\001\021\000o\036\241\000n\000\040\000c\000h\036\315\000n\000\040\000t\000h\000u\036\255\000t\000\040\000t\000o\000\341\000n}{subsection.5.1}% 40
\BOOKMARK [3][-]{subsubsection.5.1.3}{\376\377\000G\000i\000a\000i\000\040\001\021\000o\036\241\000n\000\040\000v\000i\000s\000u\000a\000l\000i\000z\000a\000t\000i\000o\000n}{subsection.5.1}% 41
\BOOKMARK [3][-]{subsubsection.5.1.4}{\376\377\000G\000i\000a\000i\000\040\001\021\000o\036\241\000n\000\040\000A\000I\000\040\000a\000s\000s\000i\000s\000t\000a\000n\000c\000e}{subsection.5.1}% 42
\BOOKMARK [2][-]{subsection.5.2}{\376\377\000S\000e\000q\000u\000e\000n\000c\000e\000\040\000D\000i\000a\000g\000r\000a\000m}{section.5}% 43
\BOOKMARK [3][-]{subsubsection.5.2.1}{\376\377\000K\000h\036\337\000i\000\040\000t\036\241\000o\000\040\000v\000i\000s\000u\000a\000l\000i\000z\000a\000t\000i\000o\000n}{subsection.5.2}% 44
\BOOKMARK [3][-]{subsubsection.5.2.2}{\376\377\000E\000x\000e\000c\000u\000t\000i\000o\000n\000\040\000v\000\340\000\040\000r\000e\000n\000d\000e\000r\000i\000n\000g}{subsection.5.2}% 45
\BOOKMARK [3][-]{subsubsection.5.2.3}{\376\377\000A\000I\000\040\000i\000n\000t\000e\000r\000a\000c\000t\000i\000o\000n}{subsection.5.2}% 46
\BOOKMARK [1][-]{section.6}{\376\377\000C\000\340\000i\000\040\001\021\036\267\000t\000\040\000v\000\340\000\040\000t\000r\000i\036\303\000n\000\040\000k\000h\000a\000i}{}% 47
\BOOKMARK [2][-]{subsection.6.1}{\376\377\000C\000\364\000n\000g\000\040\000n\000g\000h\036\307\000\040\000s\036\355\000\040\000d\036\345\000n\000g}{section.6}% 48
\BOOKMARK [2][-]{subsection.6.2}{\376\377\000C\036\245\000u\000\040\000t\000r\000\372\000c\000\040\000d\036\361\000\040\000\341\000n}{section.6}% 49
\BOOKMARK [2][-]{subsection.6.3}{\376\377\000C\000o\000r\000e\000\040\000A\000l\000g\000o\000r\000i\000t\000h\000m\000\040\000I\000m\000p\000l\000e\000m\000e\000n\000t\000a\000t\000i\000o\000n\000s}{section.6}% 50
\BOOKMARK [3][-]{subsubsection.6.3.1}{\376\377\000S\000o\000r\000t\000i\000n\000g\000\040\000A\000l\000g\000o\000r\000i\000t\000h\000m\000s}{subsection.6.3}% 51
\BOOKMARK [1][-]{section.7}{\376\377\000T\000e\000s\000t\000i\000n\000g\000\040\000v\000\340\000\040\001\021\000\341\000n\000h\000\040\000g\000i\000\341}{}% 52
\BOOKMARK [2][-]{subsection.7.1}{\376\377\000C\000h\000i\036\277\000n\000\040\000l\001\260\036\343\000c\000\040\000T\000e\000s\000t\000i\000n\000g}{section.7}% 53
\BOOKMARK [3][-]{subsubsection.7.1.1}{\376\377\000U\000n\000i\000t\000\040\000T\000e\000s\000t\000i\000n\000g}{subsection.7.1}% 54
\BOOKMARK [3][-]{subsubsection.7.1.2}{\376\377\000I\000n\000t\000e\000g\000r\000a\000t\000i\000o\000n\000\040\000T\000e\000s\000t\000i\000n\000g}{subsection.7.1}% 55
\BOOKMARK [3][-]{subsubsection.7.1.3}{\376\377\000P\000e\000r\000f\000o\000r\000m\000a\000n\000c\000e\000\040\000T\000e\000s\000t\000i\000n\000g}{subsection.7.1}% 56
\BOOKMARK [2][-]{subsection.7.2}{\376\377\000P\000e\000r\000f\000o\000r\000m\000a\000n\000c\000e\000\040\000M\000e\000t\000r\000i\000c\000s}{section.7}% 57
\BOOKMARK [2][-]{subsection.7.3}{\376\377\000U\000s\000e\000r\000\040\000A\000c\000c\000e\000p\000t\000a\000n\000c\000e\000\040\000T\000e\000s\000t\000i\000n\000g}{section.7}% 58
\BOOKMARK [3][-]{subsubsection.7.3.1}{\376\377\000T\000e\000s\000t\000\040\000v\036\333\000i\000\040\000s\000i\000n\000h\000\040\000v\000i\000\352\000n\000\040\000\050\000n\000=\0005\0000\000\051}{subsection.7.3}% 59
\BOOKMARK [3][-]{subsubsection.7.3.2}{\376\377\000T\000e\000s\000t\000\040\000v\036\333\000i\000\040\000g\000i\036\243\000n\000g\000\040\000v\000i\000\352\000n\000\040\000\050\000n\000=\0001\0005\000\051}{subsection.7.3}% 60
\BOOKMARK [1][-]{section.8}{\376\377\000K\036\277\000t\000\040\000l\000u\036\255\000n\000\040\000v\000\340\000\040\000h\001\260\036\333\000n\000g\000\040\000p\000h\000\341\000t\000\040\000t\000r\000i\036\303\000n}{}% 61
\BOOKMARK [2][-]{subsection.8.1}{\376\377\000K\036\277\000t\000\040\000q\000u\036\243\000\040\001\021\036\241\000t\000\040\001\021\001\260\036\343\000c}{section.8}% 62
\BOOKMARK [3][-]{subsubsection.8.1.1}{\376\377\000T\000h\000\340\000n\000h\000\040\000t\036\361\000u\000\040\000c\000h\000\355\000n\000h}{subsection.8.1}% 63
\BOOKMARK [3][-]{subsubsection.8.1.2}{\376\377\001\020\000\363\000n\000g\000\040\000g\000\363\000p\000\040\000v\036\301\000\040\000m\036\267\000t\000\040\000k\036\371\000\040\000t\000h\000u\036\255\000t}{subsection.8.1}% 64
\BOOKMARK [3][-]{subsubsection.8.1.3}{\376\377\001\020\000\363\000n\000g\000\040\000g\000\363\000p\000\040\000v\036\301\000\040\000m\036\267\000t\000\040\000g\000i\000\341\000o\000\040\000d\036\345\000c}{subsection.8.1}% 65
\BOOKMARK [2][-]{subsection.8.2}{\376\377\000H\036\241\000n\000\040\000c\000h\036\277\000\040\000v\000\340\000\040\000t\000h\000\341\000c\000h\000\040\000t\000h\036\351\000c}{section.8}% 66
\BOOKMARK [3][-]{subsubsection.8.2.1}{\376\377\000H\036\241\000n\000\040\000c\000h\036\277\000\040\000h\000i\036\307\000n\000\040\000t\036\241\000i}{subsection.8.2}% 67
\BOOKMARK [3][-]{subsubsection.8.2.2}{\376\377\000T\000h\000\341\000c\000h\000\040\000t\000h\036\351\000c\000\040\000k\036\371\000\040\000t\000h\000u\036\255\000t}{subsection.8.2}% 68
\BOOKMARK [2][-]{subsection.8.3}{\376\377\000H\001\260\036\333\000n\000g\000\040\000p\000h\000\341\000t\000\040\000t\000r\000i\036\303\000n\000\040\000t\001\260\001\241\000n\000g\000\040\000l\000a\000i}{section.8}% 69
\BOOKMARK [3][-]{subsubsection.8.3.1}{\376\377\000T\000\355\000n\000h\000\040\000n\001\003\000n\000g\000\040\000m\036\333\000i}{subsection.8.3}% 70
\BOOKMARK [3][-]{subsubsection.8.3.2}{\376\377\000C\036\243\000i\000\040\000t\000i\036\277\000n\000\040\000k\036\371\000\040\000t\000h\000u\036\255\000t}{subsection.8.3}% 71
\BOOKMARK [3][-]{subsubsection.8.3.3}{\376\377\000M\036\337\000\040\000r\036\331\000n\000g\000\040\000p\000h\036\241\000m\000\040\000v\000i}{subsection.8.3}% 72
\BOOKMARK [2][-]{subsection.8.4}{\376\377\000L\036\335\000i\000\040\000c\036\243\000m\000\040\001\241\000n}{section.8}% 73
